{
  stringValue: '"6517a5864594331c687"',
  messageFormat: undefined,
  kind: 'ObjectId',
  value: '6517a5864594331c687',
  path: '_id',
  reason: BSONError: Argument passed in must be a string of 12 bytes or a string of 24 hex characters or an integer
      at new ObjectId (G:\Complete-web-development-4\LEVEL-2\Mission3\university4\node_modules\bson\src\objectid.ts:88:15)
      at castObjectId (G:\Complete-web-development-4\LEVEL-2\Mission3\university4\node_modules\mongoose\lib\cast\objectid.js:25:12)
      at ObjectId.cast (G:\Complete-web-development-4\LEVEL-2\Mission3\university4\node_modules\mongoose\lib\schema\objectid.js:248:12)
      at ObjectId.SchemaType.applySetters (G:\Complete-web-development-4\LEVEL-2\Mission3\university4\node_modules\mongoose\lib\schematype.js:1220:12)
      at ObjectId.SchemaType.castForQuery (G:\Complete-web-development-4\LEVEL-2\Mission3\university4\node_modules\mongoose\lib\schematype.js:1632:15)
      at cast (G:\Complete-web-development-4\LEVEL-2\Mission3\university4\node_modules\mongoose\lib\cast.js:356:32)
      at model.Query.Query.cast (G:\Complete-web-development-4\LEVEL-2\Mission3\university4\node_modules\mongoose\lib\query.js:4910:12)
      at model.Query.Query._castConditions (G:\Complete-web-development-4\LEVEL-2\Mission3\university4\node_modules\mongoose\lib\query.js:2232:10)
      at model.Query._findOne (G:\Complete-web-development-4\LEVEL-2\Mission3\university4\node_modules\mongoose\lib\query.js:2519:8)
      at model.Query.exec (G:\Complete-web-development-4\LEVEL-2\Mission3\university4\node_modules\mongoose\lib\query.js:4429:28),
  valueType: 'string',
  model: Model { academicSemester },
  level: 'error',
  label: 'right meow!',
  timestamp: '2023-10-02T11:03:25.714Z'
}
{
  stringValue: '"6517a54594331c687"',
  messageFormat: undefined,
  kind: 'ObjectId',
  value: '6517a54594331c687',
  path: '_id',
  reason: BSONError: Argument passed in must be a string of 12 bytes or a string of 24 hex characters or an integer
      at new ObjectId (G:\Complete-web-development-4\LEVEL-2\Mission3\university4\node_modules\bson\src\objectid.ts:88:15)
      at castObjectId (G:\Complete-web-development-4\LEVEL-2\Mission3\university4\node_modules\mongoose\lib\cast\objectid.js:25:12)
      at ObjectId.cast (G:\Complete-web-development-4\LEVEL-2\Mission3\university4\node_modules\mongoose\lib\schema\objectid.js:248:12)
      at ObjectId.SchemaType.applySetters (G:\Complete-web-development-4\LEVEL-2\Mission3\university4\node_modules\mongoose\lib\schematype.js:1220:12)
      at ObjectId.SchemaType.castForQuery (G:\Complete-web-development-4\LEVEL-2\Mission3\university4\node_modules\mongoose\lib\schematype.js:1632:15)
      at cast (G:\Complete-web-development-4\LEVEL-2\Mission3\university4\node_modules\mongoose\lib\cast.js:356:32)
      at model.Query.Query.cast (G:\Complete-web-development-4\LEVEL-2\Mission3\university4\node_modules\mongoose\lib\query.js:4910:12)
      at model.Query.Query._castConditions (G:\Complete-web-development-4\LEVEL-2\Mission3\university4\node_modules\mongoose\lib\query.js:2232:10)
      at model.Query._findOne (G:\Complete-web-development-4\LEVEL-2\Mission3\university4\node_modules\mongoose\lib\query.js:2519:8)
      at model.Query.exec (G:\Complete-web-development-4\LEVEL-2\Mission3\university4\node_modules\mongoose\lib\query.js:4429:28),
  valueType: 'string',
  model: Model { academicSemester },
  level: 'error',
  label: 'right meow!',
  timestamp: '2023-10-02T11:18:12.315Z'
}
