{
  ok: 0,
  code: 2,
  codeName: 'BadValue',
  '$clusterTime': {
    clusterTime: new Timestamp({ t: 1696238431, i: 1 }),
    signature: {
      hash: Binary.createFromBase64("3XjQKcpFmd3JxSiVWAU5TXqpup8=", 0),
      keyId: new Long("7254888525374423045")
    }
  },
  operationTime: new Timestamp({ t: 1696238431, i: 1 }),
  level: 'error',
  label: 'right meow!',
  timestamp: '2023-10-02T09:20:58.320Z',
  [Symbol(errorLabels)]: Set(0) {}
}
{
  ok: 0,
  code: 2,
  codeName: 'BadValue',
  '$clusterTime': {
    clusterTime: new Timestamp({ t: 1696238790, i: 1 }),
    signature: {
      hash: Binary.createFromBase64("jK3Pa0i8DXJX24kuaWVA+naRjsE=", 0),
      keyId: new Long("7254888525374423045")
    }
  },
  operationTime: new Timestamp({ t: 1696238790, i: 1 }),
  level: 'error',
  label: 'right meow!',
  timestamp: '2023-10-02T09:26:39.975Z',
  [Symbol(errorLabels)]: Set(0) {}
}
{
  ok: 0,
  code: 2,
  codeName: 'BadValue',
  '$clusterTime': {
    clusterTime: new Timestamp({ t: 1696238851, i: 1 }),
    signature: {
      hash: Binary.createFromBase64("F3o2MvEWgLcpvaR51VdMu7Cu+u4=", 0),
      keyId: new Long("7254888525374423045")
    }
  },
  operationTime: new Timestamp({ t: 1696238851, i: 1 }),
  level: 'error',
  label: 'right meow!',
  timestamp: '2023-10-02T09:27:37.647Z',
  [Symbol(errorLabels)]: Set(0) {}
}
