{
  message: 'Database connect successfully',
  level: 'info',
  label: 'right meow!',
  timestamp: '2023-10-11T05:15:09.333Z'
}
{
  message: 'Example app listening on port 5000',
  level: 'info',
  label: 'right meow!',
  timestamp: '2023-10-11T05:15:09.785Z'
}
{
  message: 'Database connect successfully',
  level: 'info',
  label: 'right meow!',
  timestamp: '2023-10-11T05:24:34.798Z'
}
{
  message: 'Example app listening on port 5000',
  level: 'info',
  label: 'right meow!',
  timestamp: '2023-10-11T05:24:34.824Z'
}
{
  message: 'Database connect successfully',
  level: 'info',
  label: 'right meow!',
  timestamp: '2023-10-11T05:26:27.030Z'
}
{
  message: 'Example app listening on port 5000',
  level: 'info',
  label: 'right meow!',
  timestamp: '2023-10-11T05:26:27.050Z'
}
{
  message: 'Database connect successfully',
  level: 'info',
  label: 'right meow!',
  timestamp: '2023-10-11T05:27:06.180Z'
}
{
  message: 'Example app listening on port 5000',
  level: 'info',
  label: 'right meow!',
  timestamp: '2023-10-11T05:27:06.217Z'
}
{
  message: 'Database connect successfully',
  level: 'info',
  label: 'right meow!',
  timestamp: '2023-10-11T05:29:16.887Z'
}
{
  message: 'Example app listening on port 5000',
  level: 'info',
  label: 'right meow!',
  timestamp: '2023-10-11T05:29:16.915Z'
}
{
  message: 'Database connect successfully',
  level: 'info',
  label: 'right meow!',
  timestamp: '2023-10-11T05:41:46.007Z'
}
{
  message: 'Example app listening on port 5000',
  level: 'info',
  label: 'right meow!',
  timestamp: '2023-10-11T05:41:46.044Z'
}
{
  message: 'Database connect successfully',
  level: 'info',
  label: 'right meow!',
  timestamp: '2023-10-11T05:45:23.511Z'
}
{
  message: 'Example app listening on port 5000',
  level: 'info',
  label: 'right meow!',
  timestamp: '2023-10-11T05:45:23.545Z'
}
{
  message: 'Database connect successfully',
  level: 'info',
  label: 'right meow!',
  timestamp: '2023-10-11T05:45:33.662Z'
}
{
  message: 'Example app listening on port 5000',
  level: 'info',
  label: 'right meow!',
  timestamp: '2023-10-11T05:45:33.679Z'
}
{
  message: 'Database connect successfully',
  level: 'info',
  label: 'right meow!',
  timestamp: '2023-10-11T05:48:23.803Z'
}
{
  message: 'Example app listening on port 5000',
  level: 'info',
  label: 'right meow!',
  timestamp: '2023-10-11T05:48:23.837Z'
}
{
  message: 'Database connect successfully',
  level: 'info',
  label: 'right meow!',
  timestamp: '2023-10-11T05:49:34.085Z'
}
{
  message: 'Example app listening on port 5000',
  level: 'info',
  label: 'right meow!',
  timestamp: '2023-10-11T05:49:34.118Z'
}
{
  message: 'Database connect successfully',
  level: 'info',
  label: 'right meow!',
  timestamp: '2023-10-11T05:51:37.772Z'
}
{
  message: 'Example app listening on port 5000',
  level: 'info',
  label: 'right meow!',
  timestamp: '2023-10-11T05:51:37.794Z'
}
