{
  message: 'Database connect successfully',
  level: 'info',
  label: 'right meow!',
  timestamp: '2023-09-27T16:19:21.831Z'
}
{
  message: 'Example app listening on port 5000',
  level: 'info',
  label: 'right meow!',
  timestamp: '2023-09-27T16:19:21.861Z'
}
{
  message: 'Database connect successfully',
  level: 'info',
  label: 'right meow!',
  timestamp: '2023-09-27T16:33:57.658Z'
}
{
  message: 'Example app listening on port 5000',
  level: 'info',
  label: 'right meow!',
  timestamp: '2023-09-27T16:33:57.724Z'
}
{
  message: 'Database connect successfully',
  level: 'info',
  label: 'right meow!',
  timestamp: '2023-09-27T16:35:46.194Z'
}
{
  message: 'Example app listening on port 5000',
  level: 'info',
  label: 'right meow!',
  timestamp: '2023-09-27T16:35:46.208Z'
}
{
  message: 'Database connect successfully',
  level: 'info',
  label: 'right meow!',
  timestamp: '2023-09-27T16:38:05.134Z'
}
{
  message: 'Example app listening on port 5000',
  level: 'info',
  label: 'right meow!',
  timestamp: '2023-09-27T16:38:05.235Z'
}
{
  message: 'Database connect successfully',
  level: 'info',
  label: 'right meow!',
  timestamp: '2023-09-27T16:39:46.172Z'
}
{
  message: 'Example app listening on port 5000',
  level: 'info',
  label: 'right meow!',
  timestamp: '2023-09-27T16:39:46.191Z'
}
{
  message: 'Database connect successfully',
  level: 'info',
  label: 'right meow!',
  timestamp: '2023-09-27T16:40:47.039Z'
}
{
  message: 'Example app listening on port 5000',
  level: 'info',
  label: 'right meow!',
  timestamp: '2023-09-27T16:40:47.055Z'
}
{
  message: 'Database connect successfully',
  level: 'info',
  label: 'right meow!',
  timestamp: '2023-09-27T16:41:41.019Z'
}
{
  message: 'Example app listening on port 5000',
  level: 'info',
  label: 'right meow!',
  timestamp: '2023-09-27T16:41:41.035Z'
}
{
  message: 'Database connect successfully',
  level: 'info',
  label: 'right meow!',
  timestamp: '2023-09-27T16:42:18.015Z'
}
{
  message: 'Example app listening on port 5000',
  level: 'info',
  label: 'right meow!',
  timestamp: '2023-09-27T16:42:18.035Z'
}
{
  message: 'Database connect successfully',
  level: 'info',
  label: 'right meow!',
  timestamp: '2023-09-27T16:43:33.953Z'
}
{
  message: 'Example app listening on port 5000',
  level: 'info',
  label: 'right meow!',
  timestamp: '2023-09-27T16:43:33.975Z'
}
{
  message: 'Database connect successfully',
  level: 'info',
  label: 'right meow!',
  timestamp: '2023-09-27T16:44:47.370Z'
}
{
  message: 'Example app listening on port 5000',
  level: 'info',
  label: 'right meow!',
  timestamp: '2023-09-27T16:44:47.390Z'
}
{
  message: 'Database connect successfully',
  level: 'info',
  label: 'right meow!',
  timestamp: '2023-09-27T16:46:00.191Z'
}
{
  message: 'Example app listening on port 5000',
  level: 'info',
  label: 'right meow!',
  timestamp: '2023-09-27T16:46:00.208Z'
}
{
  message: 'Database connect successfully',
  level: 'info',
  label: 'right meow!',
  timestamp: '2023-09-27T16:47:27.195Z'
}
{
  message: 'Example app listening on port 5000',
  level: 'info',
  label: 'right meow!',
  timestamp: '2023-09-27T16:47:27.230Z'
}
