{
  message: 'Database connect successfully',
  level: 'info',
  label: 'right meow!',
  timestamp: '2023-09-28T09:40:42.348Z'
}
{
  message: 'Example app listening on port 5000',
  level: 'info',
  label: 'right meow!',
  timestamp: '2023-09-28T09:40:42.375Z'
}
{
  message: 'Database connect successfully',
  level: 'info',
  label: 'right meow!',
  timestamp: '2023-09-28T09:43:32.505Z'
}
{
  message: 'Example app listening on port 5000',
  level: 'info',
  label: 'right meow!',
  timestamp: '2023-09-28T09:43:32.530Z'
}
{
  message: 'Database connect successfully',
  level: 'info',
  label: 'right meow!',
  timestamp: '2023-09-28T09:45:13.306Z'
}
{
  message: 'Example app listening on port 5000',
  level: 'info',
  label: 'right meow!',
  timestamp: '2023-09-28T09:45:13.324Z'
}
