{
  message: 'Database connect successfully',
  level: 'info',
  label: 'right meow!',
  timestamp: '2023-10-21T06:04:40.951Z'
}
{
  message: 'Example app listening on port 5000',
  level: 'info',
  label: 'right meow!',
  timestamp: '2023-10-21T06:04:40.976Z'
}
{
  message: 'Database connect successfully',
  level: 'info',
  label: 'right meow!',
  timestamp: '2023-10-21T06:11:34.116Z'
}
{
  message: 'Example app listening on port 5000',
  level: 'info',
  label: 'right meow!',
  timestamp: '2023-10-21T06:11:34.137Z'
}
{
  message: 'Database connect successfully',
  level: 'info',
  label: 'right meow!',
  timestamp: '2023-10-21T06:14:39.403Z'
}
{
  message: 'Example app listening on port 5000',
  level: 'info',
  label: 'right meow!',
  timestamp: '2023-10-21T06:14:39.429Z'
}
{
  message: 'Database connect successfully',
  level: 'info',
  label: 'right meow!',
  timestamp: '2023-10-21T06:17:34.008Z'
}
{
  message: 'Example app listening on port 5000',
  level: 'info',
  label: 'right meow!',
  timestamp: '2023-10-21T06:17:34.023Z'
}
{
  message: 'Database connect successfully',
  level: 'info',
  label: 'right meow!',
  timestamp: '2023-10-21T06:18:08.146Z'
}
{
  message: 'Example app listening on port 5000',
  level: 'info',
  label: 'right meow!',
  timestamp: '2023-10-21T06:18:08.161Z'
}
{
  message: 'Database connect successfully',
  level: 'info',
  label: 'right meow!',
  timestamp: '2023-10-21T06:33:03.254Z'
}
{
  message: 'Example app listening on port 5000',
  level: 'info',
  label: 'right meow!',
  timestamp: '2023-10-21T06:33:03.286Z'
}
{
  message: 'Database connect successfully',
  level: 'info',
  label: 'right meow!',
  timestamp: '2023-10-21T06:36:51.127Z'
}
{
  message: 'Example app listening on port 5000',
  level: 'info',
  label: 'right meow!',
  timestamp: '2023-10-21T06:36:51.153Z'
}
