{
  message: 'Database connect successfully',
  level: 'info',
  label: 'right meow!',
  timestamp: '2023-09-13T08:05:54.905Z'
}
{
  message: 'Example app listening on port 5000',
  level: 'info',
  label: 'right meow!',
  timestamp: '2023-09-13T08:05:54.943Z'
}
{
  message: 'Database connect successfully',
  level: 'info',
  label: 'right meow!',
  timestamp: '2023-09-13T08:08:25.451Z'
}
{
  message: 'Example app listening on port 5000',
  level: 'info',
  label: 'right meow!',
  timestamp: '2023-09-13T08:08:25.468Z'
}
{
  message: 'Database connect successfully',
  level: 'info',
  label: 'right meow!',
  timestamp: '2023-09-13T08:17:10.802Z'
}
{
  message: 'Example app listening on port 5000',
  level: 'info',
  label: 'right meow!',
  timestamp: '2023-09-13T08:17:10.814Z'
}
{
  message: 'Database connect successfully',
  level: 'info',
  label: 'right meow!',
  timestamp: '2023-09-13T08:17:42.197Z'
}
{
  message: 'Example app listening on port 5000',
  level: 'info',
  label: 'right meow!',
  timestamp: '2023-09-13T08:17:42.211Z'
}
